
==================================================
TO: contact@nikosoft.space
SUBJECT: EXORA Reservation — a — 2026-02-18 13:30

New reservation request from ex-ora.com
========================================

Name:     a
Phone:    6
Email:    abc@mail.com
Date:     2026-02-18
Time:     13:30
Guests:   1
Notes:    aaaaaa

========================================
Sent at: 2026-02-15 09:39:01

==================================================
TO: contact@nikosoft.space
SUBJECT: EXORA Reservation — Arrow Language — 2026-02-20 20:00

New reservation request from ex-ora.com
========================================

Name:     Arrow Language
Phone:    641739327
Email:    ciothebull@gmail.com
Date:     2026-02-20
Time:     20:00
Guests:   3
Notes:    ARROW LANGUAGE RESERVATIONS

========================================
Sent at: 2026-02-15 09:41:12
